<?xml version="1.0" encoding="UTF-8"?>
<!-- Generated by org.testng.reporters.JUnitReportReporter -->
<testsuite skipped="0" hostname="DESKTOP-MKOP3VR" name="org.apiassured.ApiAssured" tests="1" failures="0" timestamp="17 Jan 2022 16:15:35 GMT" time="5.552" errors="0">
  <testcase name="getUrl" time="5.552" classname="org.apiassured.ApiAssured"/>
</testsuite> <!-- org.apiassured.ApiAssured -->
